---------------------
Begin Memory State
---------------------
0x00000000: 0x0c000004 0x2009009c 0xad280000 0xfeedfeed 0x24130074 
0x00000014: 0x2411004c 0x24100074 0x8e2b0000 0x19600003 0x000b5880 
0x00000028: 0xa60b0000 0x0800000e 0x000b5882 0xae0b0000 0x22310004 
0x0000003c: 0x1671fff7 0x22100004 0x03e00008 0x20080001 0x00000029 
0x00000050: 0x00000000 0xffffd9d9 0x0012e40d 0x989fffa8 0x7ea66eaa 
0x00000064: 0x0000ffff 0x00000002 0xf0742458 0xfffffaaa 0x00a40000 
0x00000078: 0x00000000 0x3ffff676 0x90340000 0x2627ffea 0xbaa80000 
0x0000008c: 0xfffc0000 0x00080000 0x3c1d0916 0x3ffffeaa 0x00000001 
0x000000a0: 0x00000000 0x00000000 0x00000000 0x00000000 0x00000000 
0x000000b4: 0x00000000 0x00000000 0x00000000 0x00000000 0x00000000 
0x000000c8: 0x00000000 0x00000000 0x00000000 0x00000000 0x00000000 
0x000000dc: 0x00000000 0x00000000 0x00000000 0x00000000 0x00000000 
0x000000f0: 0x00000000 0x00000000 0x00000000 0x00000000 0x00000000 
0x00000104: 0x00000000 0x00000000 0x00000000 0x00000000 0x00000000 
0x00000118: 0x00000000 0x00000000 0x00000000 0x00000000 0x00000000 
0x0000012c: 0x00000000 0x00000000 0x00000000 0x00000000 0x00000000 
0x00000140: 0x00000000 0x00000000 0x00000000 0x00000000 0x00000000 
0x00000154: 0x00000000 0x00000000 0x00000000 0x00000000 0x00000000 
0x00000168: 0x00000000 0x00000000 0x00000000 0x00000000 0x00000000 
0x0000017c: 0x00000000 0x00000000 0x00000000 0x00000000 0x00000000 
0x00000190: 0x00000000 0x00000000 0x00000000 0x00000000 0x00000000 
0x000001a4: 0x00000000 0x00000000 0x00000000 0x00000000 0x00000000 
0x000001b8: 0x00000000 0x00000000 0x00000000 0x00000000 0x00000000 
0x000001cc: 0x00000000 0x00000000 0x00000000 0x00000000 0x00000000 
0x000001e0: 0x00000000 0x00000000 0x00000000 0x00000000 0x00000000 
---------------------
End Memory State
---------------------
